<?xml version="1.0" encoding="UTF-8"?>
<testng-results skipped="0" failed="1" ignored="0" total="1" passed="0">
  <reporter-output>
  </reporter-output>
  <suite name="Suite" duration-ms="14807" started-at="2020-11-22T19:36:31Z" finished-at="2020-11-22T19:36:45Z">
    <groups>
    </groups>
    <test name="FireFox Test" duration-ms="14807" started-at="2020-11-22T19:36:31Z" finished-at="2020-11-22T19:36:45Z">
      <class name="com.myauto.test.TestScript">
        <test-method status="PASS" signature="beforeTest(java.lang.String)[pri:0, instance:com.myauto.test.TestScript@4dfa3a9d]" name="beforeTest" is-config="true" duration-ms="8370" started-at="2020-11-22T19:36:31Z" finished-at="2020-11-22T19:36:39Z">
          <params>
            <param index="0">
              <value>
                <![CDATA[firefox]]>
              </value>
            </param>
          </params>
          <reporter-output>
          </reporter-output>
        </test-method> <!-- beforeTest -->
        <test-method status="PASS" signature="starting()[pri:0, instance:com.myauto.test.TestScript@4dfa3a9d]" name="starting" is-config="true" duration-ms="0" started-at="2020-11-22T19:36:39Z" finished-at="2020-11-22T19:36:39Z">
          <reporter-output>
          </reporter-output>
        </test-method> <!-- starting -->
        <test-method status="PASS" signature="beforeMethod()[pri:0, instance:com.myauto.test.TestScript@4dfa3a9d]" name="beforeMethod" is-config="true" duration-ms="1" started-at="2020-11-22T19:36:39Z" finished-at="2020-11-22T19:36:39Z">
          <reporter-output>
          </reporter-output>
        </test-method> <!-- beforeMethod -->
        <test-method status="FAIL" signature="mytest()[pri:0, instance:com.myauto.test.TestScript@4dfa3a9d]" name="mytest" duration-ms="4548" started-at="2020-11-22T19:36:39Z" finished-at="2020-11-22T19:36:44Z">
          <exception class="java.lang.AssertionError">
            <message>
              <![CDATA[expected [https://github.com/bonigarcia/webdrivermanager1] but found [https://github.com/bonigarcia/webdrivermanager]]]>
            </message>
            <full-stacktrace>
              <![CDATA[java.lang.AssertionError: expected [https://github.com/bonigarcia/webdrivermanager1] but found [https://github.com/bonigarcia/webdrivermanager]
at org.testng.Assert.fail(Assert.java:96)
at org.testng.Assert.failNotEquals(Assert.java:776)
at org.testng.Assert.assertEqualsImpl(Assert.java:137)
at org.testng.Assert.assertEquals(Assert.java:118)
at org.testng.Assert.assertEquals(Assert.java:453)
at org.testng.Assert.assertEquals(Assert.java:463)
at com.myauto.test.TestScript.mytest(TestScript.java:16)
at sun.reflect.NativeMethodAccessorImpl.invoke0(Native Method)
at sun.reflect.NativeMethodAccessorImpl.invoke(NativeMethodAccessorImpl.java:62)
at sun.reflect.DelegatingMethodAccessorImpl.invoke(DelegatingMethodAccessorImpl.java:43)
at java.lang.reflect.Method.invoke(Method.java:498)
at org.testng.internal.MethodInvocationHelper.invokeMethod(MethodInvocationHelper.java:124)
at org.testng.internal.Invoker.invokeMethod(Invoker.java:583)
at org.testng.internal.Invoker.invokeTestMethod(Invoker.java:719)
at org.testng.internal.Invoker.invokeTestMethods(Invoker.java:989)
at org.testng.internal.TestMethodWorker.invokeTestMethods(TestMethodWorker.java:125)
at org.testng.internal.TestMethodWorker.run(TestMethodWorker.java:109)
at org.testng.TestRunner.privateRun(TestRunner.java:648)
at org.testng.TestRunner.run(TestRunner.java:505)
at org.testng.SuiteRunner.runTest(SuiteRunner.java:455)
at org.testng.SuiteRunner.access$000(SuiteRunner.java:40)
at org.testng.SuiteRunner$SuiteWorker.run(SuiteRunner.java:489)
at org.testng.internal.thread.ThreadUtil$1.call(ThreadUtil.java:52)
at java.util.concurrent.FutureTask.run(FutureTask.java:266)
at java.util.concurrent.ThreadPoolExecutor.runWorker(ThreadPoolExecutor.java:1149)
at java.util.concurrent.ThreadPoolExecutor$Worker.run(ThreadPoolExecutor.java:624)
at java.lang.Thread.run(Thread.java:748)
]]>
            </full-stacktrace>
          </exception> <!-- java.lang.AssertionError -->
          <reporter-output>
          </reporter-output>
        </test-method> <!-- mytest -->
        <test-method status="PASS" signature="afterMethod()[pri:0, instance:com.myauto.test.TestScript@4dfa3a9d]" name="afterMethod" is-config="true" duration-ms="0" started-at="2020-11-22T19:36:44Z" finished-at="2020-11-22T19:36:44Z">
          <reporter-output>
          </reporter-output>
        </test-method> <!-- afterMethod -->
        <test-method status="PASS" signature="afterClass()[pri:0, instance:com.myauto.test.TestScript@4dfa3a9d]" name="afterClass" is-config="true" duration-ms="0" started-at="2020-11-22T19:36:44Z" finished-at="2020-11-22T19:36:44Z">
          <reporter-output>
          </reporter-output>
        </test-method> <!-- afterClass -->
        <test-method status="PASS" signature="afterTest()[pri:0, instance:com.myauto.test.TestScript@4dfa3a9d]" name="afterTest" is-config="true" duration-ms="1659" started-at="2020-11-22T19:36:44Z" finished-at="2020-11-22T19:36:45Z">
          <reporter-output>
          </reporter-output>
        </test-method> <!-- afterTest -->
      </class> <!-- com.myauto.test.TestScript -->
    </test> <!-- FireFox Test -->
  </suite> <!-- Suite -->
</testng-results>
